<?xml version="1.0" encoding="UTF-8"?>
<!-- Generated by org.testng.reporters.JUnitXMLReporter -->
<testsuite ignored="1" hostname="DESKTOP-H2IO4TQ" failures="3" tests="29" name="Default test" time="0.417" errors="0" timestamp="2024-04-24T22:04:25 IST">
  <testcase classname="DataProviderAnnotation.DataProviderConcept" name="login" time="0.019"/>
  <testcase classname="DataProviderAnnotation.DataProviderConcept" name="login" time="0.002"/>
  <testcase classname="DataProviderAnnotation.DataProviderConcept" name="login" time="0.009"/>
  <testcase classname="LoanManagement.HomeLoan" name="apiLoginHomeLoan" time="0.006"/>
  <testcase classname="LoanManagement.HomeLoan" name="mobileLoginHomeLoan" time="0.004"/>
  <testcase classname="LoanManagement.HomeLoan" name="webLoginHomeLoan" time="0.006"/>
  <testcase classname="GroupConcept.ShopLoan" name="apiLoginShopLoan" time="0.006"/>
  <testcase classname="GroupConcept.ShopLoan" name="dbLoginShopLoan" time="0.004"/>
  <testcase classname="GroupConcept.ShopLoan" name="webLoginShopLoan" time="0.009"/>
  <testcase classname="GroupConcept.BikeLoan" name="apiLoginBikeLoan" time="0.003"/>
  <testcase classname="GroupConcept.BikeLoan" name="dbLoginBikeLoan" time="0.005"/>
  <testcase classname="GroupConcept.BikeLoan" name="mobileLoginBikeLoan" time="0.01"/>
  <testcase classname="GroupConcept.BikeLoan" name="webLoginBikeLoan" time="0.005"/>
  <testcase classname="LoanManagement.CarLoan" name="apiLoginCarLoan" time="0.002"/>
  <testcase classname="LoanManagement.CarLoan" name="mobileLoginCarLoan" time="0.0">
    <failure type="org.testng.TestNGException" message="
Parameter &amp;apos;URL&amp;apos; is required by @Test on method mobileLoginCarLoan but has not been marked @Optional or defined
in C:\Users\priya\AppData\Local\Temp\testng-eclipse-984018413\testng-customsuite.xml">
      <![CDATA[org.testng.TestNGException: 
Parameter 'URL' is required by @Test on method mobileLoginCarLoan but has not been marked @Optional or defined
in C:\Users\priya\AppData\Local\Temp\testng-eclipse-984018413\testng-customsuite.xml
at org.testng.internal.Parameters.createParams(Parameters.java:270)
at org.testng.internal.Parameters.createParametersForMethod(Parameters.java:358)
at org.testng.internal.Parameters.createParameters(Parameters.java:700)
at org.testng.internal.Parameters.handleParameters(Parameters.java:884)
at org.testng.internal.Parameters.handleParameters(Parameters.java:740)
at org.testng.internal.ParameterHandler.handleParameters(ParameterHandler.java:59)
at org.testng.internal.ParameterHandler.createParameters(ParameterHandler.java:38)
at org.testng.internal.TestInvoker$MethodInvocationAgent.invoke(TestInvoker.java:791)
at org.testng.internal.TestInvoker.invokeTestMethods(TestInvoker.java:146)
at org.testng.internal.TestMethodWorker.invokeTestMethods(TestMethodWorker.java:146)
at org.testng.internal.TestMethodWorker.run(TestMethodWorker.java:128)
at java.base/java.util.ArrayList.forEach(ArrayList.java:1596)
at org.testng.TestRunner.privateRun(TestRunner.java:794)
at org.testng.TestRunner.run(TestRunner.java:596)
at org.testng.SuiteRunner.runTest(SuiteRunner.java:377)
at org.testng.SuiteRunner.runSequentially(SuiteRunner.java:371)
at org.testng.SuiteRunner.privateRun(SuiteRunner.java:332)
at org.testng.SuiteRunner.run(SuiteRunner.java:276)
at org.testng.SuiteRunnerWorker.runSuite(SuiteRunnerWorker.java:53)
at org.testng.SuiteRunnerWorker.run(SuiteRunnerWorker.java:96)
at org.testng.TestNG.runSuitesSequentially(TestNG.java:1212)
at org.testng.TestNG.runSuitesLocally(TestNG.java:1134)
at org.testng.TestNG.runSuites(TestNG.java:1063)
at org.testng.TestNG.run(TestNG.java:1031)
at org.testng.remote.AbstractRemoteTestNG.run(AbstractRemoteTestNG.java:115)
at org.testng.remote.RemoteTestNG.initAndRun(RemoteTestNG.java:251)
at org.testng.remote.RemoteTestNG.main(RemoteTestNG.java:77)
]]>
    </failure>
  </testcase> <!-- mobileLoginCarLoan -->
  <testcase classname="LoanManagement.CarLoan" name="webLoginCarLoan" time="0.005"/>
  <testcase classname="GroupConcept.PropertyLoan" name="webLoginPropertyLoan" time="0.001"/>
  <testcase classname="GroupConcept.PropertyLoan" name="apiLoginPropertyLoan" time="0.002"/>
  <testcase classname="GroupConcept.PropertyLoan" name="dbLoginPropertyLoan" time="0.004"/>
  <testcase classname="GroupConcept.PropertyLoan" name="mobileLoginPropertyLoan" time="0.012"/>
  <testcase classname="GroupConcept.PropertyLoan" name="networkLoginPropertyLoan" time="0.006"/>
  <testcase classname="ITestListenerConcept.Results" name="testFailure" time="0.007">
    <failure type="java.lang.AssertionError" message="expected [true] but found [false]">
      <![CDATA[java.lang.AssertionError: expected [true] but found [false]
at org.testng.Assert.fail(Assert.java:99)
at org.testng.Assert.failNotEquals(Assert.java:1037)
at org.testng.Assert.assertTrue(Assert.java:45)
at org.testng.Assert.assertTrue(Assert.java:55)
at ITestListenerConcept.Results.testFailure(Results.java:20)
at java.base/jdk.internal.reflect.DirectMethodHandleAccessor.invoke(DirectMethodHandleAccessor.java:103)
at java.base/java.lang.reflect.Method.invoke(Method.java:580)
at org.testng.internal.MethodInvocationHelper.invokeMethod(MethodInvocationHelper.java:133)
at org.testng.internal.TestInvoker.invokeMethod(TestInvoker.java:598)
at org.testng.internal.TestInvoker.invokeTestMethod(TestInvoker.java:173)
at org.testng.internal.MethodRunner.runInSequence(MethodRunner.java:46)
at org.testng.internal.TestInvoker$MethodInvocationAgent.invoke(TestInvoker.java:824)
at org.testng.internal.TestInvoker.invokeTestMethods(TestInvoker.java:146)
at org.testng.internal.TestMethodWorker.invokeTestMethods(TestMethodWorker.java:146)
at org.testng.internal.TestMethodWorker.run(TestMethodWorker.java:128)
at java.base/java.util.ArrayList.forEach(ArrayList.java:1596)
at org.testng.TestRunner.privateRun(TestRunner.java:794)
at org.testng.TestRunner.run(TestRunner.java:596)
at org.testng.SuiteRunner.runTest(SuiteRunner.java:377)
at org.testng.SuiteRunner.runSequentially(SuiteRunner.java:371)
at org.testng.SuiteRunner.privateRun(SuiteRunner.java:332)
at org.testng.SuiteRunner.run(SuiteRunner.java:276)
at org.testng.SuiteRunnerWorker.runSuite(SuiteRunnerWorker.java:53)
at org.testng.SuiteRunnerWorker.run(SuiteRunnerWorker.java:96)
at org.testng.TestNG.runSuitesSequentially(TestNG.java:1212)
at org.testng.TestNG.runSuitesLocally(TestNG.java:1134)
at org.testng.TestNG.runSuites(TestNG.java:1063)
at org.testng.TestNG.run(TestNG.java:1031)
at org.testng.remote.AbstractRemoteTestNG.run(AbstractRemoteTestNG.java:115)
at org.testng.remote.RemoteTestNG.initAndRun(RemoteTestNG.java:251)
at org.testng.remote.RemoteTestNG.main(RemoteTestNG.java:77)
]]>
    </failure>
  </testcase> <!-- testFailure -->
  <testcase classname="ITestListenerConcept.Results" name="testSkipped" time="0.003">
    <skipped/>
  </testcase> <!-- testSkipped -->
  <testcase classname="ITestListenerConcept.Results" name="testSuccess" time="0.008"/>
  <testcase classname="LoanManagement.PersonalLoan" name="apiLoginPersonalLoan" time="0.003"/>
  <testcase classname="LoanManagement.PersonalLoan" name="mobileLoginPersonalLoan" time="0.003"/>
  <testcase classname="LoanManagement.PersonalLoan" name="mobileSigninPersonalLoan" time="0.002"/>
  <testcase classname="LoanManagement.PersonalLoan" name="mobileSignoutPersonalLoan" time="0.005"/>
  <testcase classname="LoanManagement.PersonalLoan" name="webLoginPersonalLoan" time="0.0">
    <failure type="org.testng.TestNGException" message="
Parameter &amp;apos;URL&amp;apos; is required by @Test on method webLoginPersonalLoan but has not been marked @Optional or defined
in C:\Users\priya\AppData\Local\Temp\testng-eclipse-984018413\testng-customsuite.xml">
      <![CDATA[org.testng.TestNGException: 
Parameter 'URL' is required by @Test on method webLoginPersonalLoan but has not been marked @Optional or defined
in C:\Users\priya\AppData\Local\Temp\testng-eclipse-984018413\testng-customsuite.xml
at org.testng.internal.Parameters.createParams(Parameters.java:270)
at org.testng.internal.Parameters.createParametersForMethod(Parameters.java:358)
at org.testng.internal.Parameters.createParameters(Parameters.java:700)
at org.testng.internal.Parameters.handleParameters(Parameters.java:884)
at org.testng.internal.Parameters.handleParameters(Parameters.java:740)
at org.testng.internal.ParameterHandler.handleParameters(ParameterHandler.java:59)
at org.testng.internal.ParameterHandler.createParameters(ParameterHandler.java:38)
at org.testng.internal.TestInvoker$MethodInvocationAgent.invoke(TestInvoker.java:791)
at org.testng.internal.TestInvoker.invokeTestMethods(TestInvoker.java:146)
at org.testng.internal.TestMethodWorker.invokeTestMethods(TestMethodWorker.java:146)
at org.testng.internal.TestMethodWorker.run(TestMethodWorker.java:128)
at java.base/java.util.ArrayList.forEach(ArrayList.java:1596)
at org.testng.TestRunner.privateRun(TestRunner.java:794)
at org.testng.TestRunner.run(TestRunner.java:596)
at org.testng.SuiteRunner.runTest(SuiteRunner.java:377)
at org.testng.SuiteRunner.runSequentially(SuiteRunner.java:371)
at org.testng.SuiteRunner.privateRun(SuiteRunner.java:332)
at org.testng.SuiteRunner.run(SuiteRunner.java:276)
at org.testng.SuiteRunnerWorker.runSuite(SuiteRunnerWorker.java:53)
at org.testng.SuiteRunnerWorker.run(SuiteRunnerWorker.java:96)
at org.testng.TestNG.runSuitesSequentially(TestNG.java:1212)
at org.testng.TestNG.runSuitesLocally(TestNG.java:1134)
at org.testng.TestNG.runSuites(TestNG.java:1063)
at org.testng.TestNG.run(TestNG.java:1031)
at org.testng.remote.AbstractRemoteTestNG.run(AbstractRemoteTestNG.java:115)
at org.testng.remote.RemoteTestNG.initAndRun(RemoteTestNG.java:251)
at org.testng.remote.RemoteTestNG.main(RemoteTestNG.java:77)
]]>
    </failure>
  </testcase> <!-- webLoginPersonalLoan -->
  <testcase classname="GroupConcept.ShopLoan" name="mobileLoginShopLoan" time="0.0">
    <ignored/>
  </testcase> <!-- mobileLoginShopLoan -->
</testsuite> <!-- Default test -->
