<?xml version="1.0" encoding="UTF-8"?>
<!-- Generated by org.testng.reporters.JUnitXMLReporter -->
<testsuite ignored="0" hostname="DESKTOP-H2IO4TQ" failures="2" tests="11" name="Loan Test" time="0.075" errors="0" timestamp="2024-04-26T01:02:00 IST">
  <testcase classname="LoanManagement.CarLoan" name="apiLoginCarLoan" time="0.002"/>
  <testcase classname="LoanManagement.CarLoan" name="mobileLoginCarLoan" time="0.0">
    <failure type="org.testng.TestNGException" message="
Parameter &amp;apos;URL&amp;apos; is required by @Test on method mobileLoginCarLoan but has not been marked @Optional or defined
in D:\Eclipse Workspace\TestNGConcept\testng2.xml">
      <![CDATA[org.testng.TestNGException: 
Parameter 'URL' is required by @Test on method mobileLoginCarLoan but has not been marked @Optional or defined
in D:\Eclipse Workspace\TestNGConcept\testng2.xml
at java.base/java.util.ArrayList.forEach(ArrayList.java:1597)
... Removed 30 stack frames]]>
    </failure>
  </testcase> <!-- mobileLoginCarLoan -->
  <testcase classname="LoanManagement.CarLoan" name="webLoginCarLoan" time="0.001"/>
  <testcase classname="LoanManagement.HomeLoan" name="apiLoginHomeLoan" time="0.001"/>
  <testcase classname="LoanManagement.HomeLoan" name="mobileLoginHomeLoan" time="0.002"/>
  <testcase classname="LoanManagement.HomeLoan" name="webLoginHomeLoan" time="0.001"/>
  <testcase classname="LoanManagement.PersonalLoan" name="apiLoginPersonalLoan" time="0.001"/>
  <testcase classname="LoanManagement.PersonalLoan" name="mobileLoginPersonalLoan" time="0.014"/>
  <testcase classname="LoanManagement.PersonalLoan" name="mobileSigninPersonalLoan" time="0.001"/>
  <testcase classname="LoanManagement.PersonalLoan" name="mobileSignoutPersonalLoan" time="0.002"/>
  <testcase classname="LoanManagement.PersonalLoan" name="webLoginPersonalLoan" time="0.0">
    <failure type="org.testng.TestNGException" message="
Parameter &amp;apos;URL&amp;apos; is required by @Test on method webLoginPersonalLoan but has not been marked @Optional or defined
in D:\Eclipse Workspace\TestNGConcept\testng2.xml">
      <![CDATA[org.testng.TestNGException: 
Parameter 'URL' is required by @Test on method webLoginPersonalLoan but has not been marked @Optional or defined
in D:\Eclipse Workspace\TestNGConcept\testng2.xml
at java.base/java.util.ArrayList.forEach(ArrayList.java:1597)
... Removed 30 stack frames]]>
    </failure>
  </testcase> <!-- webLoginPersonalLoan -->
</testsuite> <!-- Loan Test -->
