<?xml version="1.0" encoding="UTF-8"?>
<testsuite xmlns:xsi="http://www.w3.org/2001/XMLSchema-instance" xsi:noNamespaceSchemaLocation="https://maven.apache.org/surefire/maven-surefire-plugin/xsd/surefire-test-report-3.0.xsd" version="3.0" name="TestSuite" time="1.4" tests="19" errors="0" skipped="0" failures="2">
  <properties>
    <property name="java.specification.version" value="22"/>
    <property name="sun.cpu.isalist" value="amd64"/>
    <property name="sun.jnu.encoding" value="Cp1252"/>
    <property name="java.class.path" value="D:\Eclipse Workspace\TestNGConcept\target\test-classes;D:\Eclipse Workspace\TestNGConcept\target\classes;C:\Users\priya\.m2\repository\org\testng\testng\7.9.0\testng-7.9.0.jar;C:\Users\priya\.m2\repository\org\slf4j\slf4j-api\1.7.36\slf4j-api-1.7.36.jar;C:\Users\priya\.m2\repository\com\beust\jcommander\1.82\jcommander-1.82.jar;C:\Users\priya\.m2\repository\org\webjars\jquery\3.7.1\jquery-3.7.1.jar;"/>
    <property name="java.vm.vendor" value="Oracle Corporation"/>
    <property name="sun.arch.data.model" value="64"/>
    <property name="user.variant" value=""/>
    <property name="java.vendor.url" value="https://java.oracle.com/"/>
    <property name="user.timezone" value="Asia/Calcutta"/>
    <property name="os.name" value="Windows 10"/>
    <property name="java.vm.specification.version" value="22"/>
    <property name="sun.java.launcher" value="SUN_STANDARD"/>
    <property name="user.country" value="IN"/>
    <property name="sun.boot.library.path" value="C:\Program Files\Java\jdk-22\bin"/>
    <property name="sun.java.command" value="C:\Users\priya\AppData\Local\Temp\surefire17501826471919026417\surefirebooter-20240426010158404_3.jar C:\Users\priya\AppData\Local\Temp\surefire17501826471919026417 2024-04-26T01-01-58_119-jvmRun1 surefire-20240426010158404_1tmp surefire_0-20240426010158404_2tmp"/>
    <property name="jdk.debug" value="release"/>
    <property name="surefire.test.class.path" value="D:\Eclipse Workspace\TestNGConcept\target\test-classes;D:\Eclipse Workspace\TestNGConcept\target\classes;C:\Users\priya\.m2\repository\org\testng\testng\7.9.0\testng-7.9.0.jar;C:\Users\priya\.m2\repository\org\slf4j\slf4j-api\1.7.36\slf4j-api-1.7.36.jar;C:\Users\priya\.m2\repository\com\beust\jcommander\1.82\jcommander-1.82.jar;C:\Users\priya\.m2\repository\org\webjars\jquery\3.7.1\jquery-3.7.1.jar;"/>
    <property name="sun.cpu.endian" value="little"/>
    <property name="user.home" value="C:\Users\priya"/>
    <property name="user.language" value="en"/>
    <property name="java.specification.vendor" value="Oracle Corporation"/>
    <property name="java.version.date" value="2024-03-19"/>
    <property name="java.home" value="C:\Program Files\Java\jdk-22"/>
    <property name="file.separator" value="\"/>
    <property name="basedir" value="D:\Eclipse Workspace\TestNGConcept"/>
    <property name="java.vm.compressedOopsMode" value="32-bit"/>
    <property name="line.separator" value="&#10;"/>
    <property name="java.vm.specification.vendor" value="Oracle Corporation"/>
    <property name="java.specification.name" value="Java Platform API Specification"/>
    <property name="surefire.real.class.path" value="C:\Users\priya\AppData\Local\Temp\surefire17501826471919026417\surefirebooter-20240426010158404_3.jar"/>
    <property name="user.script" value=""/>
    <property name="sun.management.compiler" value="HotSpot 64-Bit Tiered Compilers"/>
    <property name="java.runtime.version" value="22+36-2370"/>
    <property name="user.name" value="Priyaranjan"/>
    <property name="stdout.encoding" value="Cp1252"/>
    <property name="path.separator" value=";"/>
    <property name="os.version" value="10.0"/>
    <property name="java.runtime.name" value="Java(TM) SE Runtime Environment"/>
    <property name="file.encoding" value="UTF-8"/>
    <property name="java.vm.name" value="Java HotSpot(TM) 64-Bit Server VM"/>
    <property name="localRepository" value="C:\Users\priya\.m2\repository"/>
    <property name="java.vendor.url.bug" value="https://bugreport.java.com/bugreport/"/>
    <property name="java.io.tmpdir" value="C:\Users\priya\AppData\Local\Temp\"/>
    <property name="java.version" value="22"/>
    <property name="user.dir" value="D:\Eclipse Workspace\TestNGConcept"/>
    <property name="os.arch" value="amd64"/>
    <property name="java.vm.specification.name" value="Java Virtual Machine Specification"/>
    <property name="sun.os.patch.level" value=""/>
    <property name="native.encoding" value="Cp1252"/>
    <property name="java.library.path" value="C:\Program Files\Java\jdk-22\bin;C:\WINDOWS\Sun\Java\bin;C:\WINDOWS\system32;C:\WINDOWS;C:\Program Files\Common Files\Oracle\Java\javapath;C:\WINDOWS\system32;C:\WINDOWS;C:\WINDOWS\System32\Wbem;C:\WINDOWS\System32\WindowsPowerShell\v1.0\;C:\WINDOWS\System32\OpenSSH\;C:\Program Files\nodejs\;D:\Tools\apache-maven-3.9.6\bin;C:\Users\priya\AppData\Local\Microsoft\WindowsApps;C:\Users\priya\AppData\Roaming\npm;C:\Users\priya\AppData\Local\Programs\Microsoft VS Code\bin;."/>
    <property name="java.vm.info" value="mixed mode, sharing"/>
    <property name="stderr.encoding" value="Cp1252"/>
    <property name="java.vendor" value="Oracle Corporation"/>
    <property name="java.vm.version" value="22+36-2370"/>
    <property name="sun.io.unicode.encoding" value="UnicodeLittle"/>
    <property name="java.class.version" value="66.0"/>
  </properties>
  <testcase name="apiLoginCarLoan" classname="LoanManagement.CarLoan" time="0.012">
    <system-out><![CDATA[API Login Car Loan
Test is Test Scenario : onTestSuccess apiLoginCarLoan
]]></system-out>
    <system-err><![CDATA[SLF4J: Failed to load class "org.slf4j.impl.StaticLoggerBinder".
SLF4J: Defaulting to no-operation (NOP) logger implementation
SLF4J: See http://www.slf4j.org/codes.html#StaticLoggerBinder for further details.
]]></system-err>
  </testcase>
  <testcase name="apiLoginCarLoan" classname="LoanManagement.CarLoan" time="0.005">
    <system-out><![CDATA[API Login Car Loan
Test is Test Scenario : onTestSuccess apiLoginCarLoan
]]></system-out>
  </testcase>
  <testcase name="mobileLoginCarLoan[https://www.digitalfiverr.com](1)" classname="LoanManagement.CarLoan" time="0.009">
    <system-out><![CDATA[Mobile Login Car loan
https://www.digitalfiverr.com
Test is Test Scenario : onTestSuccess mobileLoginCarLoan
]]></system-out>
  </testcase>
  <testcase name="mobileLoginCarLoan" classname="LoanManagement.CarLoan" time="0.024">
    <failure message="&#10;Parameter &apos;URL&apos; is required by @Test on method mobileLoginCarLoan but has not been marked @Optional or defined&#10;in D:\Eclipse Workspace\TestNGConcept\testng2.xml" type="org.testng.TestNGException"><![CDATA[org.testng.TestNGException: 

Parameter 'URL' is required by @Test on method mobileLoginCarLoan but has not been marked @Optional or defined
in D:\Eclipse Workspace\TestNGConcept\testng2.xml
	at org.testng.internal.Parameters.createParams(Parameters.java:267)
	at org.testng.internal.Parameters.createParametersForMethod(Parameters.java:355)
	at org.testng.internal.Parameters.createParameters(Parameters.java:693)
	at org.testng.internal.Parameters.handleParameters(Parameters.java:888)
	at org.testng.internal.Parameters.handleParameters(Parameters.java:737)
	at org.testng.internal.invokers.ParameterHandler.handleParameters(ParameterHandler.java:72)
	at org.testng.internal.invokers.ParameterHandler.createParameters(ParameterHandler.java:51)
	at org.testng.internal.invokers.TestInvoker$MethodInvocationAgent.invoke(TestInvoker.java:915)
	at org.testng.internal.invokers.TestInvoker.invokeTestMethods(TestInvoker.java:201)
	at org.testng.internal.invokers.TestMethodWorker.invokeTestMethods(TestMethodWorker.java:148)
	at org.testng.internal.invokers.TestMethodWorker.run(TestMethodWorker.java:128)
	at java.base/java.util.ArrayList.forEach(ArrayList.java:1597)
	at org.testng.TestRunner.privateRun(TestRunner.java:819)
	at org.testng.TestRunner.run(TestRunner.java:619)
	at org.testng.SuiteRunner.runTest(SuiteRunner.java:443)
	at org.testng.SuiteRunner.runSequentially(SuiteRunner.java:437)
	at org.testng.SuiteRunner.privateRun(SuiteRunner.java:397)
	at org.testng.SuiteRunner.run(SuiteRunner.java:336)
	at org.testng.SuiteRunnerWorker.runSuite(SuiteRunnerWorker.java:52)
	at org.testng.SuiteRunnerWorker.run(SuiteRunnerWorker.java:95)
	at org.testng.TestNG.runSuitesSequentially(TestNG.java:1301)
	at org.testng.TestNG.runSuitesLocally(TestNG.java:1228)
	at org.testng.TestNG.runSuites(TestNG.java:1134)
	at org.testng.TestNG.run(TestNG.java:1101)
	at org.apache.maven.surefire.testng.TestNGExecutor.run(TestNGExecutor.java:308)
	at org.apache.maven.surefire.testng.TestNGXmlTestSuite.execute(TestNGXmlTestSuite.java:71)
	at org.apache.maven.surefire.testng.TestNGProvider.invoke(TestNGProvider.java:113)
	at org.apache.maven.surefire.booter.ForkedBooter.runSuitesInProcess(ForkedBooter.java:385)
	at org.apache.maven.surefire.booter.ForkedBooter.execute(ForkedBooter.java:162)
	at org.apache.maven.surefire.booter.ForkedBooter.run(ForkedBooter.java:507)
	at org.apache.maven.surefire.booter.ForkedBooter.main(ForkedBooter.java:495)
]]></failure>
    <system-out><![CDATA[This is Test Scenario : onTestFailure mobileLoginCarLoan
]]></system-out>
  </testcase>
  <testcase name="webLoginCarLoan" classname="LoanManagement.CarLoan" time="0.031">
    <system-out><![CDATA[Web Login Car Loan

Test is Test Scenario : onTestSuccess webLoginCarLoan
]]></system-out>
  </testcase>
  <testcase name="apiLoginHomeLoan" classname="LoanManagement.HomeLoan" time="0.005">
    <system-out><![CDATA[Api login Home Loan
Test is Test Scenario : onTestSuccess apiLoginHomeLoan
]]></system-out>
  </testcase>
  <testcase name="apiLoginHomeLoan" classname="LoanManagement.HomeLoan" time="0.014">
    <system-out><![CDATA[Api login Home Loan
Test is Test Scenario : onTestSuccess apiLoginHomeLoan
]]></system-out>
  </testcase>
  <testcase name="mobileLoginHomeLoan" classname="LoanManagement.HomeLoan" time="0.01">
    <system-out><![CDATA[Mobile Login Home Loan
Test is Test Scenario : onTestSuccess mobileLoginHomeLoan
]]></system-out>
  </testcase>
  <testcase name="webLoginHomeLoan" classname="LoanManagement.HomeLoan" time="0.009">
    <system-out><![CDATA[Web Login Home Loan
Test is Test Scenario : onTestSuccess webLoginHomeLoan
]]></system-out>
  </testcase>
  <testcase name="apiLoginPersonalLoan" classname="LoanManagement.PersonalLoan" time="0.005">
    <system-out><![CDATA[Api Login PersonalLoan
Test is Test Scenario : onTestSuccess apiLoginPersonalLoan
]]></system-out>
  </testcase>
  <testcase name="apiLoginPersonalLoan" classname="LoanManagement.PersonalLoan" time="0.005">
    <system-out><![CDATA[Api Login PersonalLoan
Test is Test Scenario : onTestSuccess apiLoginPersonalLoan
]]></system-out>
  </testcase>
  <testcase name="webLoginPersonalLoan[personalloan.com, DF12398](1)" classname="LoanManagement.PersonalLoan" time="0.014">
    <system-out><![CDATA[Web Login PersonalLoan
personalloan.com
DF12398
Test is Test Scenario : onTestSuccess webLoginPersonalLoan
]]></system-out>
  </testcase>
  <testcase name="mobileLoginPersonalLoan" classname="LoanManagement.PersonalLoan" time="0.011">
    <system-out><![CDATA[Mobile Login PersonalLoan
Test is Test Scenario : onTestSuccess mobileLoginPersonalLoan
]]></system-out>
  </testcase>
  <testcase name="mobileSigninPersonalLoan" classname="LoanManagement.PersonalLoan" time="0.006">
    <system-out><![CDATA[Mobile Signin PersonalLoan
Test is Test Scenario : onTestSuccess mobileSigninPersonalLoan
]]></system-out>
  </testcase>
  <testcase name="mobileSignoutPersonalLoan" classname="LoanManagement.PersonalLoan" time="0.006">
    <system-out><![CDATA[Mobile Sign out PersonalLoan
Test is Test Scenario : onTestSuccess mobileSignoutPersonalLoan
]]></system-out>
  </testcase>
  <testcase name="webLoginPersonalLoan" classname="LoanManagement.PersonalLoan" time="0.012">
    <failure message="&#10;Parameter &apos;URL&apos; is required by @Test on method webLoginPersonalLoan but has not been marked @Optional or defined&#10;in D:\Eclipse Workspace\TestNGConcept\testng2.xml" type="org.testng.TestNGException"><![CDATA[org.testng.TestNGException: 

Parameter 'URL' is required by @Test on method webLoginPersonalLoan but has not been marked @Optional or defined
in D:\Eclipse Workspace\TestNGConcept\testng2.xml
	at org.testng.internal.Parameters.createParams(Parameters.java:267)
	at org.testng.internal.Parameters.createParametersForMethod(Parameters.java:355)
	at org.testng.internal.Parameters.createParameters(Parameters.java:693)
	at org.testng.internal.Parameters.handleParameters(Parameters.java:888)
	at org.testng.internal.Parameters.handleParameters(Parameters.java:737)
	at org.testng.internal.invokers.ParameterHandler.handleParameters(ParameterHandler.java:72)
	at org.testng.internal.invokers.ParameterHandler.createParameters(ParameterHandler.java:51)
	at org.testng.internal.invokers.TestInvoker$MethodInvocationAgent.invoke(TestInvoker.java:915)
	at org.testng.internal.invokers.TestInvoker.invokeTestMethods(TestInvoker.java:201)
	at org.testng.internal.invokers.TestMethodWorker.invokeTestMethods(TestMethodWorker.java:148)
	at org.testng.internal.invokers.TestMethodWorker.run(TestMethodWorker.java:128)
	at java.base/java.util.ArrayList.forEach(ArrayList.java:1597)
	at org.testng.TestRunner.privateRun(TestRunner.java:819)
	at org.testng.TestRunner.run(TestRunner.java:619)
	at org.testng.SuiteRunner.runTest(SuiteRunner.java:443)
	at org.testng.SuiteRunner.runSequentially(SuiteRunner.java:437)
	at org.testng.SuiteRunner.privateRun(SuiteRunner.java:397)
	at org.testng.SuiteRunner.run(SuiteRunner.java:336)
	at org.testng.SuiteRunnerWorker.runSuite(SuiteRunnerWorker.java:52)
	at org.testng.SuiteRunnerWorker.run(SuiteRunnerWorker.java:95)
	at org.testng.TestNG.runSuitesSequentially(TestNG.java:1301)
	at org.testng.TestNG.runSuitesLocally(TestNG.java:1228)
	at org.testng.TestNG.runSuites(TestNG.java:1134)
	at org.testng.TestNG.run(TestNG.java:1101)
	at org.apache.maven.surefire.testng.TestNGExecutor.run(TestNGExecutor.java:308)
	at org.apache.maven.surefire.testng.TestNGXmlTestSuite.execute(TestNGXmlTestSuite.java:71)
	at org.apache.maven.surefire.testng.TestNGProvider.invoke(TestNGProvider.java:113)
	at org.apache.maven.surefire.booter.ForkedBooter.runSuitesInProcess(ForkedBooter.java:385)
	at org.apache.maven.surefire.booter.ForkedBooter.execute(ForkedBooter.java:162)
	at org.apache.maven.surefire.booter.ForkedBooter.run(ForkedBooter.java:507)
	at org.apache.maven.surefire.booter.ForkedBooter.main(ForkedBooter.java:495)
]]></failure>
    <system-out><![CDATA[This is Test Scenario : onTestFailure webLoginPersonalLoan
]]></system-out>
  </testcase>
  <testcase name="apiLoginBikeLoan" classname="GroupConcept.BikeLoan" time="0.004">
    <system-out><![CDATA[API Login Bike Loan
Test is Test Scenario : onTestSuccess apiLoginBikeLoan
]]></system-out>
  </testcase>
  <testcase name="dbLoginPropertyLoan" classname="GroupConcept.PropertyLoan" time="0.004">
    <system-out><![CDATA[DB Login Property Loan
Test is Test Scenario : onTestSuccess dbLoginPropertyLoan
]]></system-out>
  </testcase>
  <testcase name="webLoginShopLoan" classname="GroupConcept.ShopLoan" time="0.006">
    <system-out><![CDATA[Web Login Shop Loan
Test is Test Scenario : onTestSuccess webLoginShopLoan
]]></system-out>
  </testcase>
</testsuite>