<?xml version="1.0" encoding="UTF-8"?>
<testng-results ignored="0" total="19" passed="17" failed="2" skipped="0">
  <reporter-output>
  </reporter-output>
  <suite started-at="2024-04-26T01:01:59 IST" name="Loan Department" finished-at="2024-04-26T01:01:59 IST" duration-ms="181">
    <groups>
    </groups>
    <test started-at="2024-04-26T01:01:59 IST" name="Loan Test" finished-at="2024-04-26T01:01:59 IST" duration-ms="92">
      <class name="LoanManagement.HomeLoan">
        <test-method signature="apiLoginHomeLoan()[pri:0, instance:LoanManagement.HomeLoan@64cd705f]" started-at="2024-04-26T01:01:59 IST" name="apiLoginHomeLoan" finished-at="2024-04-26T01:01:59 IST" duration-ms="2" status="PASS">
          <reporter-output>
          </reporter-output>
        </test-method> <!-- apiLoginHomeLoan -->
      </class> <!-- LoanManagement.HomeLoan -->
      <class name="LoanManagement.CarLoan">
        <test-method signature="apiLoginCarLoan()[pri:0, instance:LoanManagement.CarLoan@34b7ac2f]" started-at="2024-04-26T01:01:59 IST" name="apiLoginCarLoan" finished-at="2024-04-26T01:01:59 IST" duration-ms="10" status="PASS">
          <reporter-output>
          </reporter-output>
        </test-method> <!-- apiLoginCarLoan -->
        <test-method signature="mobileLoginCarLoan(java.lang.String)[pri:0, instance:LoanManagement.CarLoan@34b7ac2f]" started-at="2024-04-26T01:01:59 IST" name="mobileLoginCarLoan" finished-at="2024-04-26T01:01:59 IST" duration-ms="3" status="PASS">
          <params>
            <param index="0">
              <value>
                <![CDATA[https://www.digitalfiverr.com]]>
              </value>
            </param>
          </params>
          <reporter-output>
          </reporter-output>
        </test-method> <!-- mobileLoginCarLoan -->
      </class> <!-- LoanManagement.CarLoan -->
    </test> <!-- Loan Test -->
    <test started-at="2024-04-26T01:01:59 IST" name="Personal Loan" finished-at="2024-04-26T01:01:59 IST" duration-ms="16">
      <class name="LoanManagement.PersonalLoan">
        <test-method signature="apiLoginPersonalLoan()[pri:0, instance:LoanManagement.PersonalLoan@7fa98a66]" started-at="2024-04-26T01:01:59 IST" name="apiLoginPersonalLoan" finished-at="2024-04-26T01:01:59 IST" duration-ms="2" status="PASS">
          <reporter-output>
          </reporter-output>
        </test-method> <!-- apiLoginPersonalLoan -->
        <test-method signature="webLoginPersonalLoan(java.lang.String,java.lang.String)[pri:0, instance:LoanManagement.PersonalLoan@7fa98a66]" started-at="2024-04-26T01:01:59 IST" name="webLoginPersonalLoan" finished-at="2024-04-26T01:01:59 IST" duration-ms="7" status="PASS">
          <params>
            <param index="0">
              <value>
                <![CDATA[personalloan.com]]>
              </value>
            </param>
            <param index="1">
              <value>
                <![CDATA[DF12398]]>
              </value>
            </param>
          </params>
          <reporter-output>
          </reporter-output>
        </test-method> <!-- webLoginPersonalLoan -->
      </class> <!-- LoanManagement.PersonalLoan -->
    </test> <!-- Personal Loan -->
  </suite> <!-- Loan Department -->
  <suite started-at="2024-04-26T01:02:00 IST" name="Loan Department (1)" finished-at="2024-04-26T01:02:00 IST" duration-ms="26">
    <groups>
      <group name="Smoke">
        <method signature="BikeLoan.apiLoginBikeLoan()[pri:0, instance:GroupConcept.BikeLoan@6c64cb25]" name="apiLoginBikeLoan" class="GroupConcept.BikeLoan"/>
        <method signature="PropertyLoan.dbLoginPropertyLoan()[pri:0, instance:GroupConcept.PropertyLoan@5c5eefef]" name="dbLoginPropertyLoan" class="GroupConcept.PropertyLoan"/>
        <method signature="ShopLoan.webLoginShopLoan()[pri:0, instance:GroupConcept.ShopLoan@16293aa2]" name="webLoginShopLoan" class="GroupConcept.ShopLoan"/>
      </group> <!-- Smoke -->
    </groups>
    <test started-at="2024-04-26T01:02:00 IST" name="Regression" finished-at="2024-04-26T01:02:00 IST" duration-ms="26">
      <class name="GroupConcept.ShopLoan">
        <test-method signature="webLoginShopLoan()[pri:0, instance:GroupConcept.ShopLoan@16293aa2]" started-at="2024-04-26T01:02:00 IST" name="webLoginShopLoan" finished-at="2024-04-26T01:02:00 IST" duration-ms="1" status="PASS">
          <reporter-output>
          </reporter-output>
        </test-method> <!-- webLoginShopLoan -->
      </class> <!-- GroupConcept.ShopLoan -->
      <class name="GroupConcept.BikeLoan">
        <test-method signature="apiLoginBikeLoan()[pri:0, instance:GroupConcept.BikeLoan@6c64cb25]" started-at="2024-04-26T01:02:00 IST" name="apiLoginBikeLoan" finished-at="2024-04-26T01:02:00 IST" duration-ms="1" status="PASS">
          <reporter-output>
          </reporter-output>
        </test-method> <!-- apiLoginBikeLoan -->
      </class> <!-- GroupConcept.BikeLoan -->
      <class name="GroupConcept.PropertyLoan">
        <test-method signature="dbLoginPropertyLoan()[pri:0, instance:GroupConcept.PropertyLoan@5c5eefef]" started-at="2024-04-26T01:02:00 IST" name="dbLoginPropertyLoan" finished-at="2024-04-26T01:02:00 IST" duration-ms="1" status="PASS">
          <reporter-output>
          </reporter-output>
        </test-method> <!-- dbLoginPropertyLoan -->
      </class> <!-- GroupConcept.PropertyLoan -->
    </test> <!-- Regression -->
  </suite> <!-- Loan Department (1) -->
  <suite started-at="2024-04-26T01:01:59 IST" name="Loan Department (0)" finished-at="2024-04-26T01:02:00 IST" duration-ms="75">
    <groups>
    </groups>
    <test started-at="2024-04-26T01:01:59 IST" name="Loan Test" finished-at="2024-04-26T01:02:00 IST" duration-ms="75">
      <class name="LoanManagement.HomeLoan">
        <test-method signature="apiLoginHomeLoan()[pri:0, instance:LoanManagement.HomeLoan@4cc451f2]" started-at="2024-04-26T01:02:00 IST" name="apiLoginHomeLoan" finished-at="2024-04-26T01:02:00 IST" duration-ms="1" status="PASS">
          <reporter-output>
          </reporter-output>
        </test-method> <!-- apiLoginHomeLoan -->
        <test-method signature="mobileLoginHomeLoan()[pri:0, instance:LoanManagement.HomeLoan@4cc451f2]" started-at="2024-04-26T01:02:00 IST" name="mobileLoginHomeLoan" finished-at="2024-04-26T01:02:00 IST" duration-ms="2" status="PASS">
          <reporter-output>
          </reporter-output>
        </test-method> <!-- mobileLoginHomeLoan -->
        <test-method signature="webLoginHomeLoan()[pri:0, instance:LoanManagement.HomeLoan@4cc451f2]" started-at="2024-04-26T01:02:00 IST" name="webLoginHomeLoan" finished-at="2024-04-26T01:02:00 IST" duration-ms="1" status="PASS">
          <reporter-output>
          </reporter-output>
        </test-method> <!-- webLoginHomeLoan -->
      </class> <!-- LoanManagement.HomeLoan -->
      <class name="LoanManagement.CarLoan">
        <test-method signature="apiLoginCarLoan()[pri:0, instance:LoanManagement.CarLoan@4a94ee4]" started-at="2024-04-26T01:01:59 IST" name="apiLoginCarLoan" finished-at="2024-04-26T01:01:59 IST" duration-ms="2" status="PASS">
          <reporter-output>
          </reporter-output>
        </test-method> <!-- apiLoginCarLoan -->
        <test-method signature="mobileLoginCarLoan(java.lang.String)[pri:0, instance:LoanManagement.CarLoan@4a94ee4]" started-at="2024-04-26T01:01:59 IST" name="mobileLoginCarLoan" finished-at="2024-04-26T01:01:59 IST" duration-ms="0" status="FAIL">
          <exception class="org.testng.TestNGException">
            <message>
              <![CDATA[
Parameter 'URL' is required by @Test on method mobileLoginCarLoan but has not been marked @Optional or defined
in D:\Eclipse Workspace\TestNGConcept\testng2.xml]]>
            </message>
            <full-stacktrace>
              <![CDATA[org.testng.TestNGException: 
Parameter 'URL' is required by @Test on method mobileLoginCarLoan but has not been marked @Optional or defined
in D:\Eclipse Workspace\TestNGConcept\testng2.xml
at org.testng.internal.Parameters.createParams(Parameters.java:267)
at org.testng.internal.Parameters.createParametersForMethod(Parameters.java:355)
at org.testng.internal.Parameters.createParameters(Parameters.java:693)
at org.testng.internal.Parameters.handleParameters(Parameters.java:888)
at org.testng.internal.Parameters.handleParameters(Parameters.java:737)
at org.testng.internal.invokers.ParameterHandler.handleParameters(ParameterHandler.java:72)
at org.testng.internal.invokers.ParameterHandler.createParameters(ParameterHandler.java:51)
at org.testng.internal.invokers.TestInvoker$MethodInvocationAgent.invoke(TestInvoker.java:915)
at org.testng.internal.invokers.TestInvoker.invokeTestMethods(TestInvoker.java:201)
at org.testng.internal.invokers.TestMethodWorker.invokeTestMethods(TestMethodWorker.java:148)
at org.testng.internal.invokers.TestMethodWorker.run(TestMethodWorker.java:128)
at java.base/java.util.ArrayList.forEach(ArrayList.java:1597)
at org.testng.TestRunner.privateRun(TestRunner.java:819)
at org.testng.TestRunner.run(TestRunner.java:619)
at org.testng.SuiteRunner.runTest(SuiteRunner.java:443)
at org.testng.SuiteRunner.runSequentially(SuiteRunner.java:437)
at org.testng.SuiteRunner.privateRun(SuiteRunner.java:397)
at org.testng.SuiteRunner.run(SuiteRunner.java:336)
at org.testng.SuiteRunnerWorker.runSuite(SuiteRunnerWorker.java:52)
at org.testng.SuiteRunnerWorker.run(SuiteRunnerWorker.java:95)
at org.testng.TestNG.runSuitesSequentially(TestNG.java:1301)
at org.testng.TestNG.runSuitesLocally(TestNG.java:1228)
at org.testng.TestNG.runSuites(TestNG.java:1134)
at org.testng.TestNG.run(TestNG.java:1101)
at org.apache.maven.surefire.testng.TestNGExecutor.run(TestNGExecutor.java:308)
at org.apache.maven.surefire.testng.TestNGXmlTestSuite.execute(TestNGXmlTestSuite.java:71)
at org.apache.maven.surefire.testng.TestNGProvider.invoke(TestNGProvider.java:113)
at org.apache.maven.surefire.booter.ForkedBooter.runSuitesInProcess(ForkedBooter.java:385)
at org.apache.maven.surefire.booter.ForkedBooter.execute(ForkedBooter.java:162)
at org.apache.maven.surefire.booter.ForkedBooter.run(ForkedBooter.java:507)
at org.apache.maven.surefire.booter.ForkedBooter.main(ForkedBooter.java:495)
]]>
            </full-stacktrace>
          </exception> <!-- org.testng.TestNGException -->
          <reporter-output>
          </reporter-output>
        </test-method> <!-- mobileLoginCarLoan -->
        <test-method signature="webLoginCarLoan()[pri:0, instance:LoanManagement.CarLoan@4a94ee4]" started-at="2024-04-26T01:02:00 IST" name="webLoginCarLoan" finished-at="2024-04-26T01:02:00 IST" duration-ms="1" status="PASS">
          <reporter-output>
          </reporter-output>
        </test-method> <!-- webLoginCarLoan -->
      </class> <!-- LoanManagement.CarLoan -->
      <class name="LoanManagement.PersonalLoan">
        <test-method signature="apiLoginPersonalLoan()[pri:0, instance:LoanManagement.PersonalLoan@6379eb]" started-at="2024-04-26T01:02:00 IST" name="apiLoginPersonalLoan" finished-at="2024-04-26T01:02:00 IST" duration-ms="1" status="PASS">
          <reporter-output>
          </reporter-output>
        </test-method> <!-- apiLoginPersonalLoan -->
        <test-method signature="mobileLoginPersonalLoan()[pri:0, instance:LoanManagement.PersonalLoan@6379eb]" started-at="2024-04-26T01:02:00 IST" name="mobileLoginPersonalLoan" finished-at="2024-04-26T01:02:00 IST" duration-ms="14" status="PASS">
          <reporter-output>
          </reporter-output>
        </test-method> <!-- mobileLoginPersonalLoan -->
        <test-method signature="mobileSigninPersonalLoan()[pri:0, instance:LoanManagement.PersonalLoan@6379eb]" started-at="2024-04-26T01:02:00 IST" name="mobileSigninPersonalLoan" finished-at="2024-04-26T01:02:00 IST" duration-ms="1" status="PASS">
          <reporter-output>
          </reporter-output>
        </test-method> <!-- mobileSigninPersonalLoan -->
        <test-method signature="mobileSignoutPersonalLoan()[pri:0, instance:LoanManagement.PersonalLoan@6379eb]" started-at="2024-04-26T01:02:00 IST" name="mobileSignoutPersonalLoan" finished-at="2024-04-26T01:02:00 IST" duration-ms="2" status="PASS">
          <reporter-output>
          </reporter-output>
        </test-method> <!-- mobileSignoutPersonalLoan -->
        <test-method signature="webLoginPersonalLoan(java.lang.String,java.lang.String)[pri:0, instance:LoanManagement.PersonalLoan@6379eb]" started-at="2024-04-26T01:02:00 IST" name="webLoginPersonalLoan" finished-at="2024-04-26T01:02:00 IST" duration-ms="0" status="FAIL">
          <exception class="org.testng.TestNGException">
            <message>
              <![CDATA[
Parameter 'URL' is required by @Test on method webLoginPersonalLoan but has not been marked @Optional or defined
in D:\Eclipse Workspace\TestNGConcept\testng2.xml]]>
            </message>
            <full-stacktrace>
              <![CDATA[org.testng.TestNGException: 
Parameter 'URL' is required by @Test on method webLoginPersonalLoan but has not been marked @Optional or defined
in D:\Eclipse Workspace\TestNGConcept\testng2.xml
at org.testng.internal.Parameters.createParams(Parameters.java:267)
at org.testng.internal.Parameters.createParametersForMethod(Parameters.java:355)
at org.testng.internal.Parameters.createParameters(Parameters.java:693)
at org.testng.internal.Parameters.handleParameters(Parameters.java:888)
at org.testng.internal.Parameters.handleParameters(Parameters.java:737)
at org.testng.internal.invokers.ParameterHandler.handleParameters(ParameterHandler.java:72)
at org.testng.internal.invokers.ParameterHandler.createParameters(ParameterHandler.java:51)
at org.testng.internal.invokers.TestInvoker$MethodInvocationAgent.invoke(TestInvoker.java:915)
at org.testng.internal.invokers.TestInvoker.invokeTestMethods(TestInvoker.java:201)
at org.testng.internal.invokers.TestMethodWorker.invokeTestMethods(TestMethodWorker.java:148)
at org.testng.internal.invokers.TestMethodWorker.run(TestMethodWorker.java:128)
at java.base/java.util.ArrayList.forEach(ArrayList.java:1597)
at org.testng.TestRunner.privateRun(TestRunner.java:819)
at org.testng.TestRunner.run(TestRunner.java:619)
at org.testng.SuiteRunner.runTest(SuiteRunner.java:443)
at org.testng.SuiteRunner.runSequentially(SuiteRunner.java:437)
at org.testng.SuiteRunner.privateRun(SuiteRunner.java:397)
at org.testng.SuiteRunner.run(SuiteRunner.java:336)
at org.testng.SuiteRunnerWorker.runSuite(SuiteRunnerWorker.java:52)
at org.testng.SuiteRunnerWorker.run(SuiteRunnerWorker.java:95)
at org.testng.TestNG.runSuitesSequentially(TestNG.java:1301)
at org.testng.TestNG.runSuitesLocally(TestNG.java:1228)
at org.testng.TestNG.runSuites(TestNG.java:1134)
at org.testng.TestNG.run(TestNG.java:1101)
at org.apache.maven.surefire.testng.TestNGExecutor.run(TestNGExecutor.java:308)
at org.apache.maven.surefire.testng.TestNGXmlTestSuite.execute(TestNGXmlTestSuite.java:71)
at org.apache.maven.surefire.testng.TestNGProvider.invoke(TestNGProvider.java:113)
at org.apache.maven.surefire.booter.ForkedBooter.runSuitesInProcess(ForkedBooter.java:385)
at org.apache.maven.surefire.booter.ForkedBooter.execute(ForkedBooter.java:162)
at org.apache.maven.surefire.booter.ForkedBooter.run(ForkedBooter.java:507)
at org.apache.maven.surefire.booter.ForkedBooter.main(ForkedBooter.java:495)
]]>
            </full-stacktrace>
          </exception> <!-- org.testng.TestNGException -->
          <reporter-output>
          </reporter-output>
        </test-method> <!-- webLoginPersonalLoan -->
      </class> <!-- LoanManagement.PersonalLoan -->
    </test> <!-- Loan Test -->
  </suite> <!-- Loan Department (0) -->
</testng-results>
