<?xml version="1.0" encoding="UTF-8"?>
<testng-results ignored="0" total="11" passed="9" failed="2" skipped="0">
  <reporter-output>
  </reporter-output>
  <suite started-at="2024-04-24T22:08:30 IST" name="Loan Department" finished-at="2024-04-24T22:08:30 IST" duration-ms="159">
    <groups>
    </groups>
    <test started-at="2024-04-24T22:08:30 IST" name="Loan Test" finished-at="2024-04-24T22:08:30 IST" duration-ms="159">
      <class name="LoanManagement.HomeLoan">
        <test-method signature="apiLoginHomeLoan()[pri:0, instance:LoanManagement.HomeLoan@67c33749]" started-at="2024-04-24T22:08:30 IST" name="apiLoginHomeLoan" finished-at="2024-04-24T22:08:30 IST" duration-ms="3" status="PASS">
          <reporter-output>
          </reporter-output>
        </test-method> <!-- apiLoginHomeLoan -->
        <test-method signature="mobileLoginHomeLoan()[pri:0, instance:LoanManagement.HomeLoan@67c33749]" started-at="2024-04-24T22:08:30 IST" name="mobileLoginHomeLoan" finished-at="2024-04-24T22:08:30 IST" duration-ms="2" status="PASS">
          <reporter-output>
          </reporter-output>
        </test-method> <!-- mobileLoginHomeLoan -->
        <test-method signature="webLoginHomeLoan()[pri:0, instance:LoanManagement.HomeLoan@67c33749]" started-at="2024-04-24T22:08:30 IST" name="webLoginHomeLoan" finished-at="2024-04-24T22:08:30 IST" duration-ms="3" status="PASS">
          <reporter-output>
          </reporter-output>
        </test-method> <!-- webLoginHomeLoan -->
      </class> <!-- LoanManagement.HomeLoan -->
      <class name="LoanManagement.CarLoan">
        <test-method signature="apiLoginCarLoan()[pri:0, instance:LoanManagement.CarLoan@4d02f94e]" started-at="2024-04-24T22:08:30 IST" name="apiLoginCarLoan" finished-at="2024-04-24T22:08:30 IST" duration-ms="20" status="PASS">
          <reporter-output>
          </reporter-output>
        </test-method> <!-- apiLoginCarLoan -->
        <test-method signature="mobileLoginCarLoan(java.lang.String)[pri:0, instance:LoanManagement.CarLoan@4d02f94e]" started-at="2024-04-24T22:08:30 IST" name="mobileLoginCarLoan" finished-at="2024-04-24T22:08:30 IST" duration-ms="0" status="FAIL">
          <exception class="org.testng.TestNGException">
            <message>
              <![CDATA[
Parameter 'URL' is required by @Test on method mobileLoginCarLoan but has not been marked @Optional or defined
in D:\Eclipse Workspace\TestNGConcept\testng2.xml]]>
            </message>
            <full-stacktrace>
              <![CDATA[org.testng.TestNGException: 
Parameter 'URL' is required by @Test on method mobileLoginCarLoan but has not been marked @Optional or defined
in D:\Eclipse Workspace\TestNGConcept\testng2.xml
at org.testng.internal.Parameters.createParams(Parameters.java:270)
at org.testng.internal.Parameters.createParametersForMethod(Parameters.java:358)
at org.testng.internal.Parameters.createParameters(Parameters.java:700)
at org.testng.internal.Parameters.handleParameters(Parameters.java:884)
at org.testng.internal.Parameters.handleParameters(Parameters.java:740)
at org.testng.internal.ParameterHandler.handleParameters(ParameterHandler.java:59)
at org.testng.internal.ParameterHandler.createParameters(ParameterHandler.java:38)
at org.testng.internal.TestInvoker$MethodInvocationAgent.invoke(TestInvoker.java:791)
at org.testng.internal.TestInvoker.invokeTestMethods(TestInvoker.java:146)
at org.testng.internal.TestMethodWorker.invokeTestMethods(TestMethodWorker.java:146)
at org.testng.internal.TestMethodWorker.run(TestMethodWorker.java:128)
at java.base/java.util.ArrayList.forEach(ArrayList.java:1596)
at org.testng.TestRunner.privateRun(TestRunner.java:794)
at org.testng.TestRunner.run(TestRunner.java:596)
at org.testng.SuiteRunner.runTest(SuiteRunner.java:377)
at org.testng.SuiteRunner.runSequentially(SuiteRunner.java:371)
at org.testng.SuiteRunner.privateRun(SuiteRunner.java:332)
at org.testng.SuiteRunner.run(SuiteRunner.java:276)
at org.testng.SuiteRunnerWorker.runSuite(SuiteRunnerWorker.java:53)
at org.testng.SuiteRunnerWorker.run(SuiteRunnerWorker.java:96)
at org.testng.TestNG.runSuitesSequentially(TestNG.java:1212)
at org.testng.TestNG.runSuitesLocally(TestNG.java:1134)
at org.testng.TestNG.runSuites(TestNG.java:1063)
at org.testng.TestNG.run(TestNG.java:1031)
at org.testng.remote.AbstractRemoteTestNG.run(AbstractRemoteTestNG.java:115)
at org.testng.remote.RemoteTestNG.initAndRun(RemoteTestNG.java:251)
at org.testng.remote.RemoteTestNG.main(RemoteTestNG.java:77)
]]>
            </full-stacktrace>
          </exception> <!-- org.testng.TestNGException -->
          <reporter-output>
          </reporter-output>
        </test-method> <!-- mobileLoginCarLoan -->
        <test-method signature="webLoginCarLoan()[pri:0, instance:LoanManagement.CarLoan@4d02f94e]" started-at="2024-04-24T22:08:30 IST" name="webLoginCarLoan" finished-at="2024-04-24T22:08:30 IST" duration-ms="2" status="PASS">
          <reporter-output>
          </reporter-output>
        </test-method> <!-- webLoginCarLoan -->
      </class> <!-- LoanManagement.CarLoan -->
      <class name="LoanManagement.PersonalLoan">
        <test-method signature="apiLoginPersonalLoan()[pri:0, instance:LoanManagement.PersonalLoan@fba92d3]" started-at="2024-04-24T22:08:30 IST" name="apiLoginPersonalLoan" finished-at="2024-04-24T22:08:30 IST" duration-ms="5" status="PASS">
          <reporter-output>
          </reporter-output>
        </test-method> <!-- apiLoginPersonalLoan -->
        <test-method signature="mobileLoginPersonalLoan()[pri:0, instance:LoanManagement.PersonalLoan@fba92d3]" started-at="2024-04-24T22:08:30 IST" name="mobileLoginPersonalLoan" finished-at="2024-04-24T22:08:30 IST" duration-ms="2" status="PASS">
          <reporter-output>
          </reporter-output>
        </test-method> <!-- mobileLoginPersonalLoan -->
        <test-method signature="mobileSigninPersonalLoan()[pri:0, instance:LoanManagement.PersonalLoan@fba92d3]" started-at="2024-04-24T22:08:30 IST" name="mobileSigninPersonalLoan" finished-at="2024-04-24T22:08:30 IST" duration-ms="2" status="PASS">
          <reporter-output>
          </reporter-output>
        </test-method> <!-- mobileSigninPersonalLoan -->
        <test-method signature="mobileSignoutPersonalLoan()[pri:0, instance:LoanManagement.PersonalLoan@fba92d3]" started-at="2024-04-24T22:08:30 IST" name="mobileSignoutPersonalLoan" finished-at="2024-04-24T22:08:30 IST" duration-ms="2" status="PASS">
          <reporter-output>
          </reporter-output>
        </test-method> <!-- mobileSignoutPersonalLoan -->
        <test-method signature="webLoginPersonalLoan(java.lang.String,java.lang.String)[pri:0, instance:LoanManagement.PersonalLoan@fba92d3]" started-at="2024-04-24T22:08:30 IST" name="webLoginPersonalLoan" finished-at="2024-04-24T22:08:30 IST" duration-ms="0" status="FAIL">
          <exception class="org.testng.TestNGException">
            <message>
              <![CDATA[
Parameter 'URL' is required by @Test on method webLoginPersonalLoan but has not been marked @Optional or defined
in D:\Eclipse Workspace\TestNGConcept\testng2.xml]]>
            </message>
            <full-stacktrace>
              <![CDATA[org.testng.TestNGException: 
Parameter 'URL' is required by @Test on method webLoginPersonalLoan but has not been marked @Optional or defined
in D:\Eclipse Workspace\TestNGConcept\testng2.xml
at org.testng.internal.Parameters.createParams(Parameters.java:270)
at org.testng.internal.Parameters.createParametersForMethod(Parameters.java:358)
at org.testng.internal.Parameters.createParameters(Parameters.java:700)
at org.testng.internal.Parameters.handleParameters(Parameters.java:884)
at org.testng.internal.Parameters.handleParameters(Parameters.java:740)
at org.testng.internal.ParameterHandler.handleParameters(ParameterHandler.java:59)
at org.testng.internal.ParameterHandler.createParameters(ParameterHandler.java:38)
at org.testng.internal.TestInvoker$MethodInvocationAgent.invoke(TestInvoker.java:791)
at org.testng.internal.TestInvoker.invokeTestMethods(TestInvoker.java:146)
at org.testng.internal.TestMethodWorker.invokeTestMethods(TestMethodWorker.java:146)
at org.testng.internal.TestMethodWorker.run(TestMethodWorker.java:128)
at java.base/java.util.ArrayList.forEach(ArrayList.java:1596)
at org.testng.TestRunner.privateRun(TestRunner.java:794)
at org.testng.TestRunner.run(TestRunner.java:596)
at org.testng.SuiteRunner.runTest(SuiteRunner.java:377)
at org.testng.SuiteRunner.runSequentially(SuiteRunner.java:371)
at org.testng.SuiteRunner.privateRun(SuiteRunner.java:332)
at org.testng.SuiteRunner.run(SuiteRunner.java:276)
at org.testng.SuiteRunnerWorker.runSuite(SuiteRunnerWorker.java:53)
at org.testng.SuiteRunnerWorker.run(SuiteRunnerWorker.java:96)
at org.testng.TestNG.runSuitesSequentially(TestNG.java:1212)
at org.testng.TestNG.runSuitesLocally(TestNG.java:1134)
at org.testng.TestNG.runSuites(TestNG.java:1063)
at org.testng.TestNG.run(TestNG.java:1031)
at org.testng.remote.AbstractRemoteTestNG.run(AbstractRemoteTestNG.java:115)
at org.testng.remote.RemoteTestNG.initAndRun(RemoteTestNG.java:251)
at org.testng.remote.RemoteTestNG.main(RemoteTestNG.java:77)
]]>
            </full-stacktrace>
          </exception> <!-- org.testng.TestNGException -->
          <reporter-output>
          </reporter-output>
        </test-method> <!-- webLoginPersonalLoan -->
      </class> <!-- LoanManagement.PersonalLoan -->
    </test> <!-- Loan Test -->
  </suite> <!-- Loan Department -->
</testng-results>
